<?xml version="1.0" encoding="UTF-8"?>
<!-- Generated by org.testng.reporters.JUnitXMLReporter -->
<testsuite hostname="LAPTOP-RTTHD45C" ignored="0" name="SE_PROD_StartPageRender1_Configurator" tests="8" failures="8" timestamp="04 Feb 2021 22:30:19 GMT" time="39.621" errors="0">
  <testcase name="ValidateButtonText" time="0.007" classname="GDN_Acco_Only.SE_PROD_StartPageRender1_Configurator">
    <failure type="java.lang.NullPointerException">
      <![CDATA[java.lang.NullPointerException
at GDN_Acco_Only.SE_PROD_StartPageRender1_Configurator.ValidateButtonText(SE_PROD_StartPageRender1_Configurator.java:142)
... Removed 29 stack frames]]>
    </failure>
  </testcase> <!-- ValidateButtonText -->
  <testcase name="ValidateDirectFlyChkBox" time="0.0" classname="GDN_Acco_Only.SE_PROD_StartPageRender1_Configurator">
    <failure type="java.lang.NullPointerException">
      <![CDATA[java.lang.NullPointerException
at GDN_Acco_Only.SE_PROD_StartPageRender1_Configurator.ValidateDirectFlyChkBox(SE_PROD_StartPageRender1_Configurator.java:148)
... Removed 29 stack frames]]>
    </failure>
  </testcase> <!-- ValidateDirectFlyChkBox -->
  <testcase name="ValidateSelectedDate" time="0.0" classname="GDN_Acco_Only.SE_PROD_StartPageRender1_Configurator">
    <failure type="java.lang.NullPointerException">
      <![CDATA[java.lang.NullPointerException
at GDN_Acco_Only.SE_PROD_StartPageRender1_Configurator.ValidateSelectedDate(SE_PROD_StartPageRender1_Configurator.java:136)
... Removed 29 stack frames]]>
    </failure>
  </testcase> <!-- ValidateSelectedDate -->
  <testcase name="Validateadultlist" time="0.0" classname="GDN_Acco_Only.SE_PROD_StartPageRender1_Configurator">
    <failure type="java.lang.NullPointerException">
      <![CDATA[java.lang.NullPointerException
at GDN_Acco_Only.SE_PROD_StartPageRender1_Configurator.Validateadultlist(SE_PROD_StartPageRender1_Configurator.java:112)
... Removed 29 stack frames]]>
    </failure>
  </testcase> <!-- Validateadultlist -->
  <testcase name="ValidateallDestinationList" time="10.109" classname="GDN_Acco_Only.SE_PROD_StartPageRender1_Configurator">
    <failure type="org.openqa.selenium.NoSuchElementException" message="no such element: Unable to locate element: {&amp;quot;method&amp;quot;:&amp;quot;css selector&amp;quot;,&amp;quot;selector&amp;quot;:&amp;quot;button[class*=panel-close]&amp;quot;}
  (Session info: headless chrome=88.0.4324.146)
For documentation on this error, please visit: https://www.seleniumhq.org/exceptions/no_such_element.html
Build info: version: &amp;apos;3.141.59&amp;apos;, revision: &amp;apos;e82be7d358&amp;apos;, time: &amp;apos;2018-11-14T08:17:03&amp;apos;
System info: host: &amp;apos;LAPTOP-RTTHD45C&amp;apos;, ip: &amp;apos;192.168.56.1&amp;apos;, os.name: &amp;apos;Windows 10&amp;apos;, os.arch: &amp;apos;amd64&amp;apos;, os.version: &amp;apos;10.0&amp;apos;, java.version: &amp;apos;1.8.0_241&amp;apos;
Driver info: org.openqa.selenium.chrome.ChromeDriver
Capabilities {acceptInsecureCerts: false, browserName: chrome, browserVersion: 88.0.4324.146, chrome: {chromedriverVersion: 87.0.4280.20 (c99e81631faa0..., userDataDir: C:\Users\ZEESHA~1\AppData\L...}, goog:chromeOptions: {debuggerAddress: localhost:56116}, javascriptEnabled: true, networkConnectionEnabled: false, pageLoadStrategy: normal, platform: WINDOWS, platformName: WINDOWS, proxy: Proxy(), setWindowRect: true, strictFileInteractability: false, timeouts: {implicit: 0, pageLoad: 300000, script: 30000}, unhandledPromptBehavior: dismiss and notify, webauthn:virtualAuthenticators: true}
Session ID: 73343ce99a5e476c42f84d9aa14a6009
*** Element info: {Using=css selector, value=button[class*=panel-close]}">
      <![CDATA[org.openqa.selenium.NoSuchElementException: no such element: Unable to locate element: {"method":"css selector","selector":"button[class*=panel-close]"}
  (Session info: headless chrome=88.0.4324.146)
For documentation on this error, please visit: https://www.seleniumhq.org/exceptions/no_such_element.html
Build info: version: '3.141.59', revision: 'e82be7d358', time: '2018-11-14T08:17:03'
System info: host: 'LAPTOP-RTTHD45C', ip: '192.168.56.1', os.name: 'Windows 10', os.arch: 'amd64', os.version: '10.0', java.version: '1.8.0_241'
Driver info: org.openqa.selenium.chrome.ChromeDriver
Capabilities {acceptInsecureCerts: false, browserName: chrome, browserVersion: 88.0.4324.146, chrome: {chromedriverVersion: 87.0.4280.20 (c99e81631faa0..., userDataDir: C:\Users\ZEESHA~1\AppData\L...}, goog:chromeOptions: {debuggerAddress: localhost:56116}, javascriptEnabled: true, networkConnectionEnabled: false, pageLoadStrategy: normal, platform: WINDOWS, platformName: WINDOWS, proxy: Proxy(), setWindowRect: true, strictFileInteractability: false, timeouts: {implicit: 0, pageLoad: 300000, script: 30000}, unhandledPromptBehavior: dismiss and notify, webauthn:virtualAuthenticators: true}
Session ID: 73343ce99a5e476c42f84d9aa14a6009
*** Element info: {Using=css selector, value=button[class*=panel-close]}
at org.openqa.selenium.remote.http.W3CHttpResponseCodec.createException(W3CHttpResponseCodec.java:187)
at org.openqa.selenium.remote.http.W3CHttpResponseCodec.decode(W3CHttpResponseCodec.java:122)
at org.openqa.selenium.remote.http.W3CHttpResponseCodec.decode(W3CHttpResponseCodec.java:49)
at org.openqa.selenium.remote.HttpCommandExecutor.execute(HttpCommandExecutor.java:158)
at org.openqa.selenium.remote.service.DriverCommandExecutor.execute(DriverCommandExecutor.java:83)
at org.openqa.selenium.remote.RemoteWebDriver.execute(RemoteWebDriver.java:552)
at org.openqa.selenium.remote.RemoteWebDriver.findElement(RemoteWebDriver.java:323)
at org.openqa.selenium.remote.RemoteWebDriver.findElementByCssSelector(RemoteWebDriver.java:420)
at org.openqa.selenium.By$ByCssSelector.findElement(By.java:431)
at org.openqa.selenium.remote.RemoteWebDriver.findElement(RemoteWebDriver.java:315)
at pageObjects.Hotell.getClose(Hotell.java:76)
at GDN_Acco_Only.SE_PROD_StartPageRender1_Configurator.ValidateallDestinationList(SE_PROD_StartPageRender1_Configurator.java:89)
... Removed 33 stack frames]]>
    </failure>
  </testcase> <!-- ValidateallDestinationList -->
  <testcase name="ValidatedeapatureList" time="0.0" classname="GDN_Acco_Only.SE_PROD_StartPageRender1_Configurator">
    <failure type="java.lang.NullPointerException">
      <![CDATA[java.lang.NullPointerException
at GDN_Acco_Only.SE_PROD_StartPageRender1_Configurator.ValidatedeapatureList(SE_PROD_StartPageRender1_Configurator.java:66)
... Removed 29 stack frames]]>
    </failure>
  </testcase> <!-- ValidatedeapatureList -->
  <testcase name="ValidatetravelLength" time="0.0" classname="GDN_Acco_Only.SE_PROD_StartPageRender1_Configurator">
    <failure type="java.lang.NullPointerException">
      <![CDATA[java.lang.NullPointerException
at GDN_Acco_Only.SE_PROD_StartPageRender1_Configurator.ValidatetravelLength(SE_PROD_StartPageRender1_Configurator.java:125)
... Removed 29 stack frames]]>
    </failure>
  </testcase> <!-- ValidatetravelLength -->
  <testcase name="pageinit" time="12.61" classname="GDN_Acco_Only.SE_PROD_StartPageRender1_Configurator">
    <failure type="org.openqa.selenium.ElementNotInteractableException" message="element not interactable
  (Session info: headless chrome=88.0.4324.146)
Build info: version: &amp;apos;3.141.59&amp;apos;, revision: &amp;apos;e82be7d358&amp;apos;, time: &amp;apos;2018-11-14T08:17:03&amp;apos;
System info: host: &amp;apos;LAPTOP-RTTHD45C&amp;apos;, ip: &amp;apos;192.168.56.1&amp;apos;, os.name: &amp;apos;Windows 10&amp;apos;, os.arch: &amp;apos;amd64&amp;apos;, os.version: &amp;apos;10.0&amp;apos;, java.version: &amp;apos;1.8.0_241&amp;apos;
Driver info: org.openqa.selenium.chrome.ChromeDriver
Capabilities {acceptInsecureCerts: false, browserName: chrome, browserVersion: 88.0.4324.146, chrome: {chromedriverVersion: 87.0.4280.20 (c99e81631faa0..., userDataDir: C:\Users\ZEESHA~1\AppData\L...}, goog:chromeOptions: {debuggerAddress: localhost:56116}, javascriptEnabled: true, networkConnectionEnabled: false, pageLoadStrategy: normal, platform: WINDOWS, platformName: WINDOWS, proxy: Proxy(), setWindowRect: true, strictFileInteractability: false, timeouts: {implicit: 0, pageLoad: 300000, script: 30000}, unhandledPromptBehavior: dismiss and notify, webauthn:virtualAuthenticators: true}
Session ID: 73343ce99a5e476c42f84d9aa14a6009">
      <![CDATA[org.openqa.selenium.ElementNotInteractableException: element not interactable
  (Session info: headless chrome=88.0.4324.146)
Build info: version: '3.141.59', revision: 'e82be7d358', time: '2018-11-14T08:17:03'
System info: host: 'LAPTOP-RTTHD45C', ip: '192.168.56.1', os.name: 'Windows 10', os.arch: 'amd64', os.version: '10.0', java.version: '1.8.0_241'
Driver info: org.openqa.selenium.chrome.ChromeDriver
Capabilities {acceptInsecureCerts: false, browserName: chrome, browserVersion: 88.0.4324.146, chrome: {chromedriverVersion: 87.0.4280.20 (c99e81631faa0..., userDataDir: C:\Users\ZEESHA~1\AppData\L...}, goog:chromeOptions: {debuggerAddress: localhost:56116}, javascriptEnabled: true, networkConnectionEnabled: false, pageLoadStrategy: normal, platform: WINDOWS, platformName: WINDOWS, proxy: Proxy(), setWindowRect: true, strictFileInteractability: false, timeouts: {implicit: 0, pageLoad: 300000, script: 30000}, unhandledPromptBehavior: dismiss and notify, webauthn:virtualAuthenticators: true}
Session ID: 73343ce99a5e476c42f84d9aa14a6009
at org.openqa.selenium.remote.http.W3CHttpResponseCodec.createException(W3CHttpResponseCodec.java:187)
at org.openqa.selenium.remote.http.W3CHttpResponseCodec.decode(W3CHttpResponseCodec.java:122)
at org.openqa.selenium.remote.http.W3CHttpResponseCodec.decode(W3CHttpResponseCodec.java:49)
at org.openqa.selenium.remote.HttpCommandExecutor.execute(HttpCommandExecutor.java:158)
at org.openqa.selenium.remote.service.DriverCommandExecutor.execute(DriverCommandExecutor.java:83)
at org.openqa.selenium.remote.RemoteWebDriver.execute(RemoteWebDriver.java:552)
at org.openqa.selenium.remote.RemoteWebElement.execute(RemoteWebElement.java:285)
at org.openqa.selenium.remote.RemoteWebElement.click(RemoteWebElement.java:84)
at GDN_Acco_Only.SE_PROD_StartPageRender1_Configurator.pageinit(SE_PROD_StartPageRender1_Configurator.java:57)
... Removed 33 stack frames]]>
    </failure>
  </testcase> <!-- pageinit -->
</testsuite> <!-- SE_PROD_StartPageRender1_Configurator -->
